Build started 27.01.2021 19:16:58.
     1>Project "C:\Users\chici\Google Drive\Laptop\Курсач\Cursovaya\Cursovaya\Cursovaya.vcxproj" on node 2 (Build target(s)).
     1>ClCompile:
         C:\Program Files (x86)\Microsoft Visual Studio 12.0\VC\bin\CL.exe /c /AI"C:\Program Files (x86)\Reference Assemblies\Microsoft\Framework\.NETFramework\v4.5\\" /AI"C:\Program Files (x86)\Windows Kits\8.1\References\CommonConfiguration\Neutral" /AI"C:\Program Files (x86)\Reference Assemblies\Microsoft\Framework\.NETFramework\v4.5\Facades\\" /Zi /clr /nologo /W3 /WX- /O2 /Oy- /D WIN32 /D NDEBUG /D _UNICODE /D UNICODE /EHa /MD /GS /fp:precise /Zc:wchar_t /Zc:forScope /Fo"Release\\" /Fd"Release\vc120.pdb" /TP /FU"C:\Program Files (x86)\Reference Assemblies\Microsoft\Framework\.NETFramework\v4.5\mscorlib.dll" /FU"C:\Program Files (x86)\Reference Assemblies\Microsoft\Framework\.NETFramework\v4.5\System.Data.dll" /FU"C:\Program Files (x86)\Reference Assemblies\Microsoft\Framework\.NETFramework\v4.5\System.dll" /FU"C:\Program Files (x86)\Reference Assemblies\Microsoft\Framework\.NETFramework\v4.5\System.Drawing.dll" /FU"C:\Program Files (x86)\Reference Assemblies\Microsoft\Framework\.NETFramework\v4.5\System.Windows.Forms.dll" /FU"C:\Program Files (x86)\Reference Assemblies\Microsoft\Framework\.NETFramework\v4.5\System.Xml.dll" /analyze- /errorReport:prompt /clr:nostdlib MainForm.cpp
         MainForm.cpp
     1>c:\users\chici\google drive\laptop\курсач\cursovaya\cursovaya\MainForm.h(714): warning C4965: implicit box of integer 0; use nullptr or explicit cast
     1>c:\users\chici\google drive\laptop\курсач\cursovaya\cursovaya\MainForm.h(734): warning C4018: '<' : signed/unsigned mismatch
     1>c:\users\chici\google drive\laptop\курсач\cursovaya\cursovaya\MainForm.h(735): warning C4018: '<' : signed/unsigned mismatch
     1>c:\users\chici\google drive\laptop\курсач\cursovaya\cursovaya\MainForm.h(808): warning C4018: '<' : signed/unsigned mismatch
     1>c:\users\chici\google drive\laptop\курсач\cursovaya\cursovaya\MainForm.h(810): warning C4018: '<' : signed/unsigned mismatch
     1>c:\users\chici\google drive\laptop\курсач\cursovaya\cursovaya\MainForm.h(828): warning C4018: '<' : signed/unsigned mismatch
     1>c:\users\chici\google drive\laptop\курсач\cursovaya\cursovaya\MainForm.h(829): warning C4018: '<' : signed/unsigned mismatch
     1>c:\users\chici\google drive\laptop\курсач\cursovaya\cursovaya\MainForm.h(1067): warning C4018: '<' : signed/unsigned mismatch
     1>c:\users\chici\google drive\laptop\курсач\cursovaya\cursovaya\MainForm.h(1068): warning C4018: '<' : signed/unsigned mismatch
     1>c:\users\chici\google drive\laptop\курсач\cursovaya\cursovaya\MainForm.h(1080): warning C4018: '<' : signed/unsigned mismatch
     1>c:\users\chici\google drive\laptop\курсач\cursovaya\cursovaya\MainForm.h(1081): warning C4018: '<' : signed/unsigned mismatch
     1>c:\users\chici\google drive\laptop\курсач\cursovaya\cursovaya\MainForm.h(1093): warning C4018: '<' : signed/unsigned mismatch
     1>c:\users\chici\google drive\laptop\курсач\cursovaya\cursovaya\MainForm.h(1094): warning C4018: '<' : signed/unsigned mismatch
     1>c:\users\chici\google drive\laptop\курсач\cursovaya\cursovaya\MainForm.h(1095): warning C4018: '<' : signed/unsigned mismatch
     1>MainForm.cpp(6): warning C4829: Possibly incorrect parameters to function main. Consider 'int main(Platform::Array<Platform::String^>^ argv)'
       Link:
         C:\Program Files (x86)\Microsoft Visual Studio 12.0\VC\bin\link.exe /ERRORREPORT:PROMPT /OUT:"C:\Users\chici\Google Drive\Laptop\Курсач\Cursovaya\Release\Cursovaya.exe" /INCREMENTAL:NO /NOLOGO /ASSEMBLYRESOURCE:Release\Cursovaya.MainForm.resources /MANIFEST /MANIFESTUAC:"level='asInvoker' uiAccess='false'" /manifest:embed /DEBUG /PDB:"C:\Users\chici\Google Drive\Laptop\Курсач\Cursovaya\Release\Cursovaya.pdb" /SUBSYSTEM:WINDOWS /TLBID:1 /ENTRY:"main" /DYNAMICBASE /FIXED:NO /NXCOMPAT /MACHINE:X86 /SAFESEH Release\MainForm.obj
         "Release\.NETFramework,Version=v4.5.AssemblyAttributes.obj"
         Cursovaya.vcxproj -> C:\Users\chici\Google Drive\Laptop\Курсач\Cursovaya\Release\Cursovaya.exe
     1>Done Building Project "C:\Users\chici\Google Drive\Laptop\Курсач\Cursovaya\Cursovaya\Cursovaya.vcxproj" (Build target(s)).

Build succeeded.

Time Elapsed 00:00:01.87
